<?xml version="1.0" encoding="UTF-8"?>
<coverage generated="1774897354830" clover="3.2.0">
  <project timestamp="1774897354830" name="All files">
    <metrics statements="36" coveredstatements="31" conditionals="9" coveredconditionals="6" methods="13" coveredmethods="9" elements="58" coveredelements="46" complexity="0" loc="36" ncloc="36" packages="3" files="4" classes="4"/>
    <package name="components.ui">
      <metrics statements="7" coveredstatements="7" conditionals="5" coveredconditionals="3" methods="3" coveredmethods="3"/>
      <file name="SacredButton.tsx" path="/Users/Apple/projects/aksha/components/ui/SacredButton.tsx">
        <metrics statements="7" coveredstatements="7" conditionals="5" coveredconditionals="3" methods="3" coveredmethods="3"/>
        <line num="22" count="2" type="stmt"/>
        <line num="23" count="1" type="stmt"/>
        <line num="24" count="1" type="stmt"/>
        <line num="28" count="2" type="cond" truecount="1" falsecount="1"/>
        <line num="32" count="2" type="stmt"/>
        <line num="35" count="2" type="cond" truecount="1" falsecount="1"/>
        <line num="50" count="1" type="stmt"/>
      </file>
    </package>
    <package name="features.chat">
      <metrics statements="19" coveredstatements="16" conditionals="4" coveredconditionals="3" methods="7" coveredmethods="5"/>
      <file name="useChatState.ts" path="/Users/Apple/projects/aksha/features/chat/useChatState.ts">
        <metrics statements="19" coveredstatements="16" conditionals="4" coveredconditionals="3" methods="7" coveredmethods="5"/>
        <line num="10" count="1" type="stmt"/>
        <line num="20" count="5" type="stmt"/>
        <line num="21" count="5" type="stmt"/>
        <line num="22" count="5" type="stmt"/>
        <line num="23" count="5" type="stmt"/>
        <line num="25" count="5" type="stmt"/>
        <line num="26" count="3" type="stmt"/>
        <line num="27" count="3" type="cond" truecount="2" falsecount="0"/>
        <line num="31" count="5" type="stmt"/>
        <line num="32" count="2" type="cond" truecount="1" falsecount="1"/>
        <line num="34" count="2" type="stmt"/>
        <line num="41" count="2" type="stmt"/>
        <line num="42" count="2" type="stmt"/>
        <line num="43" count="2" type="stmt"/>
        <line num="45" count="2" type="stmt"/>
        <line num="46" count="0" type="stmt"/>
        <line num="52" count="0" type="stmt"/>
        <line num="53" count="0" type="stmt"/>
        <line num="57" count="5" type="stmt"/>
      </file>
    </package>
    <package name="lib">
      <metrics statements="10" coveredstatements="8" conditionals="0" coveredconditionals="0" methods="3" coveredmethods="1"/>
      <file name="haptics.ts" path="/Users/Apple/projects/aksha/lib/haptics.ts">
        <metrics statements="6" coveredstatements="4" conditionals="0" coveredconditionals="0" methods="3" coveredmethods="1"/>
        <line num="3" count="1" type="stmt"/>
        <line num="4" count="0" type="stmt"/>
        <line num="6" count="1" type="stmt"/>
        <line num="7" count="1" type="stmt"/>
        <line num="9" count="1" type="stmt"/>
        <line num="10" count="0" type="stmt"/>
      </file>
      <file name="theme.ts" path="/Users/Apple/projects/aksha/lib/theme.ts">
        <metrics statements="4" coveredstatements="4" conditionals="0" coveredconditionals="0" methods="0" coveredmethods="0"/>
        <line num="1" count="2" type="stmt"/>
        <line num="41" count="2" type="stmt"/>
        <line num="50" count="2" type="stmt"/>
        <line num="56" count="2" type="stmt"/>
      </file>
    </package>
  </project>
</coverage>
