{"/Users/Apple/projects/aksha/components/ui/SacredButton.tsx": {"path":"/Users/Apple/projects/aksha/components/ui/SacredButton.tsx","statementMap":{"0":{"start":{"line":22,"column":22},"end":{"line":25,"column":3}},"1":{"start":{"line":23,"column":4},"end":{"line":23,"column":19}},"2":{"start":{"line":24,"column":4},"end":{"line":24,"column":14}},"3":{"start":{"line":28,"column":4},"end":{"line":30,"column":38}},"4":{"start":{"line":32,"column":2},"end":{"line":47,"column":4}},"5":{"start":{"line":35,"column":30},"end":{"line":35,"column":82}},"6":{"start":{"line":50,"column":15},"end":{"line":78,"column":2}}},"fnMap":{"0":{"name":"SacredButton","decl":{"start":{"line":15,"column":16},"end":{"line":15,"column":28}},"loc":{"start":{"line":21,"column":22},"end":{"line":48,"column":1}},"line":21},"1":{"name":"(anonymous_1)","decl":{"start":{"line":22,"column":22},"end":{"line":22,"column":23}},"loc":{"start":{"line":22,"column":28},"end":{"line":25,"column":3}},"line":22},"2":{"name":"(anonymous_2)","decl":{"start":{"line":35,"column":13},"end":{"line":35,"column":14}},"loc":{"start":{"line":35,"column":30},"end":{"line":35,"column":82}},"line":35}},"branchMap":{"0":{"loc":{"start":{"line":20,"column":2},"end":{"line":20,"column":21}},"type":"default-arg","locations":[{"start":{"line":20,"column":12},"end":{"line":20,"column":21}}],"line":20},"1":{"loc":{"start":{"line":28,"column":4},"end":{"line":30,"column":38}},"type":"cond-expr","locations":[{"start":{"line":29,"column":8},"end":{"line":29,"column":36}},{"start":{"line":30,"column":8},"end":{"line":30,"column":38}}],"line":28},"2":{"loc":{"start":{"line":35,"column":49},"end":{"line":35,"column":74}},"type":"binary-expr","locations":[{"start":{"line":35,"column":49},"end":{"line":35,"column":56}},{"start":{"line":35,"column":60},"end":{"line":35,"column":74}}],"line":35}},"s":{"0":2,"1":1,"2":1,"3":2,"4":2,"5":2,"6":1},"f":{"0":2,"1":1,"2":2},"b":{"0":[2],"1":[2,0],"2":[2,0]},"_coverageSchema":"1a1c01bbd47fc00a2c39e90264f33305004495a9","hash":"bb29f179d868676e1cfac86540c004b29c549361"}
,"/Users/Apple/projects/aksha/features/chat/useChatState.ts": {"path":"/Users/Apple/projects/aksha/features/chat/useChatState.ts","statementMap":{"0":{"start":{"line":10,"column":36},"end":{"line":17,"column":1}},"1":{"start":{"line":20,"column":34},"end":{"line":20,"column":71}},"2":{"start":{"line":21,"column":34},"end":{"line":21,"column":49}},"3":{"start":{"line":22,"column":36},"end":{"line":22,"column":48}},"4":{"start":{"line":23,"column":21},"end":{"line":23,"column":71}},"5":{"start":{"line":25,"column":2},"end":{"line":29,"column":9}},"6":{"start":{"line":26,"column":4},"end":{"line":28,"column":6}},"7":{"start":{"line":27,"column":6},"end":{"line":27,"column":63}},"8":{"start":{"line":27,"column":30},"end":{"line":27,"column":63}},"9":{"start":{"line":31,"column":22},"end":{"line":55,"column":8}},"10":{"start":{"line":32,"column":4},"end":{"line":32,"column":29}},"11":{"start":{"line":32,"column":22},"end":{"line":32,"column":29}},"12":{"start":{"line":34,"column":29},"end":{"line":39,"column":5}},"13":{"start":{"line":41,"column":4},"end":{"line":41,"column":46}},"14":{"start":{"line":41,"column":26},"end":{"line":41,"column":44}},"15":{"start":{"line":42,"column":4},"end":{"line":42,"column":22}},"16":{"start":{"line":43,"column":4},"end":{"line":43,"column":21}},"17":{"start":{"line":45,"column":4},"end":{"line":54,"column":13}},"18":{"start":{"line":46,"column":29},"end":{"line":51,"column":7}},"19":{"start":{"line":52,"column":6},"end":{"line":52,"column":46}},"20":{"start":{"line":52,"column":28},"end":{"line":52,"column":44}},"21":{"start":{"line":53,"column":6},"end":{"line":53,"column":25}},"22":{"start":{"line":57,"column":2},"end":{"line":57,"column":70}}},"fnMap":{"0":{"name":"useChatState","decl":{"start":{"line":19,"column":16},"end":{"line":19,"column":28}},"loc":{"start":{"line":19,"column":31},"end":{"line":58,"column":1}},"line":19},"1":{"name":"(anonymous_1)","decl":{"start":{"line":25,"column":12},"end":{"line":25,"column":13}},"loc":{"start":{"line":25,"column":18},"end":{"line":29,"column":3}},"line":25},"2":{"name":"(anonymous_2)","decl":{"start":{"line":26,"column":11},"end":{"line":26,"column":12}},"loc":{"start":{"line":26,"column":17},"end":{"line":28,"column":5}},"line":26},"3":{"name":"(anonymous_3)","decl":{"start":{"line":31,"column":34},"end":{"line":31,"column":35}},"loc":{"start":{"line":31,"column":52},"end":{"line":55,"column":3}},"line":31},"4":{"name":"(anonymous_4)","decl":{"start":{"line":41,"column":16},"end":{"line":41,"column":17}},"loc":{"start":{"line":41,"column":26},"end":{"line":41,"column":44}},"line":41},"5":{"name":"(anonymous_5)","decl":{"start":{"line":45,"column":36},"end":{"line":45,"column":37}},"loc":{"start":{"line":45,"column":42},"end":{"line":54,"column":5}},"line":45},"6":{"name":"(anonymous_6)","decl":{"start":{"line":52,"column":18},"end":{"line":52,"column":19}},"loc":{"start":{"line":52,"column":28},"end":{"line":52,"column":44}},"line":52}},"branchMap":{"0":{"loc":{"start":{"line":27,"column":6},"end":{"line":27,"column":63}},"type":"if","locations":[{"start":{"line":27,"column":6},"end":{"line":27,"column":63}},{"start":{},"end":{}}],"line":27},"1":{"loc":{"start":{"line":32,"column":4},"end":{"line":32,"column":29}},"type":"if","locations":[{"start":{"line":32,"column":4},"end":{"line":32,"column":29}},{"start":{},"end":{}}],"line":32}},"s":{"0":1,"1":5,"2":5,"3":5,"4":5,"5":5,"6":3,"7":3,"8":2,"9":5,"10":2,"11":0,"12":2,"13":2,"14":2,"15":2,"16":2,"17":2,"18":0,"19":0,"20":0,"21":0,"22":5},"f":{"0":5,"1":3,"2":3,"3":2,"4":2,"5":0,"6":0},"b":{"0":[2,1],"1":[0,2]},"_coverageSchema":"1a1c01bbd47fc00a2c39e90264f33305004495a9","hash":"312608d62efac4a20158599512a24ef8c4bd9236"}
,"/Users/Apple/projects/aksha/lib/haptics.ts": {"path":"/Users/Apple/projects/aksha/lib/haptics.ts","statementMap":{"0":{"start":{"line":3,"column":27},"end":{"line":4,"column":56}},"1":{"start":{"line":4,"column":2},"end":{"line":4,"column":56}},"2":{"start":{"line":6,"column":28},"end":{"line":7,"column":57}},"3":{"start":{"line":7,"column":2},"end":{"line":7,"column":57}},"4":{"start":{"line":9,"column":29},"end":{"line":10,"column":69}},"5":{"start":{"line":10,"column":2},"end":{"line":10,"column":69}}},"fnMap":{"0":{"name":"(anonymous_0)","decl":{"start":{"line":3,"column":27},"end":{"line":3,"column":28}},"loc":{"start":{"line":4,"column":2},"end":{"line":4,"column":56}},"line":4},"1":{"name":"(anonymous_1)","decl":{"start":{"line":6,"column":28},"end":{"line":6,"column":29}},"loc":{"start":{"line":7,"column":2},"end":{"line":7,"column":57}},"line":7},"2":{"name":"(anonymous_2)","decl":{"start":{"line":9,"column":29},"end":{"line":9,"column":30}},"loc":{"start":{"line":10,"column":2},"end":{"line":10,"column":69}},"line":10}},"branchMap":{},"s":{"0":1,"1":0,"2":1,"3":1,"4":1,"5":0},"f":{"0":0,"1":1,"2":0},"b":{},"_coverageSchema":"1a1c01bbd47fc00a2c39e90264f33305004495a9","hash":"baf08a038101c4e4414076d2d421cd4a5346a0a8"}
,"/Users/Apple/projects/aksha/lib/theme.ts": {"path":"/Users/Apple/projects/aksha/lib/theme.ts","statementMap":{"0":{"start":{"line":1,"column":22},"end":{"line":39,"column":10}},"1":{"start":{"line":41,"column":21},"end":{"line":48,"column":10}},"2":{"start":{"line":50,"column":29},"end":{"line":54,"column":10}},"3":{"start":{"line":56,"column":25},"end":{"line":65,"column":10}}},"fnMap":{},"branchMap":{},"s":{"0":2,"1":2,"2":2,"3":2},"f":{},"b":{},"_coverageSchema":"1a1c01bbd47fc00a2c39e90264f33305004495a9","hash":"0da73e4285c08bca3603c98badd4328b829e7544"}
}
