TN:
SF:components/ui/SacredButton.tsx
FN:15,SacredButton
FN:22,(anonymous_1)
FN:35,(anonymous_2)
FNF:3
FNH:3
FNDA:2,SacredButton
FNDA:1,(anonymous_1)
FNDA:2,(anonymous_2)
DA:22,2
DA:23,1
DA:24,1
DA:28,2
DA:32,2
DA:35,2
DA:50,1
LF:7
LH:7
BRDA:20,0,0,2
BRDA:28,1,0,2
BRDA:28,1,1,0
BRDA:35,2,0,2
BRDA:35,2,1,0
BRF:5
BRH:3
end_of_record
TN:
SF:features/chat/useChatState.ts
FN:19,useChatState
FN:25,(anonymous_1)
FN:26,(anonymous_2)
FN:31,(anonymous_3)
FN:41,(anonymous_4)
FN:45,(anonymous_5)
FN:52,(anonymous_6)
FNF:7
FNH:5
FNDA:5,useChatState
FNDA:3,(anonymous_1)
FNDA:3,(anonymous_2)
FNDA:2,(anonymous_3)
FNDA:2,(anonymous_4)
FNDA:0,(anonymous_5)
FNDA:0,(anonymous_6)
DA:10,1
DA:20,5
DA:21,5
DA:22,5
DA:23,5
DA:25,5
DA:26,3
DA:27,3
DA:31,5
DA:32,2
DA:34,2
DA:41,2
DA:42,2
DA:43,2
DA:45,2
DA:46,0
DA:52,0
DA:53,0
DA:57,5
LF:19
LH:16
BRDA:27,0,0,2
BRDA:27,0,1,1
BRDA:32,1,0,0
BRDA:32,1,1,2
BRF:4
BRH:3
end_of_record
TN:
SF:lib/haptics.ts
FN:3,(anonymous_0)
FN:6,(anonymous_1)
FN:9,(anonymous_2)
FNF:3
FNH:1
FNDA:0,(anonymous_0)
FNDA:1,(anonymous_1)
FNDA:0,(anonymous_2)
DA:3,1
DA:4,0
DA:6,1
DA:7,1
DA:9,1
DA:10,0
LF:6
LH:4
BRF:0
BRH:0
end_of_record
TN:
SF:lib/theme.ts
FNF:0
FNH:0
DA:1,2
DA:41,2
DA:50,2
DA:56,2
LF:4
LH:4
BRF:0
BRH:0
end_of_record
